<?xml version='1.0' encoding='UTF-8'?>
<testsuite hostname="MacBook-Pro.local" name="notifications.NotificationsSuite" tests="3" errors="0" failures="0" skipped="0" time="0.039" timestamp="2022-06-27T21:54:55">
          <properties>
      <property name="java.specification.version" value="17"/><property name="sun.jnu.encoding" value="UTF-8"/><property name="sun.arch.data.model" value="64"/><property name="java.vendor.url" value="https://java.oracle.com/"/><property name="sun.boot.library.path" value="/Users/dan/Library/Java/JavaVirtualMachines/openjdk-17/Contents/Home/lib"/><property name="sun.java.command" value="/Users/dan/Library/Caches/Coursier/arc/https/github.com/sbt/sbt/releases/download/v1.6.2/sbt-1.6.2.zip/sbt/bin/sbt-launch.jar"/><property name="jdk.debug" value="release"/><property name="sun.stderr.encoding" value="UTF-8"/><property name="java.specification.vendor" value="Oracle Corporation"/><property name="java.version.date" value="2021-09-14"/><property name="java.home" value="/Users/dan/Library/Java/JavaVirtualMachines/openjdk-17/Contents/Home"/><property name="file.separator" value="/"/><property name="java.vm.compressedOopsMode" value="Zero based"/><property name="line.separator" value="
"/><property name="sun.stdout.encoding" value="UTF-8"/><property name="java.vm.specification.vendor" value="Oracle Corporation"/><property name="java.specification.name" value="Java Platform API Specification"/><property name="sun.management.compiler" value="HotSpot 64-Bit Tiered Compilers"/><property name="java.runtime.version" value="17+35-2724"/><property name="user.name" value="dan"/><property name="log4j.ignoreTCL" value="true"/><property name="file.encoding" value="UTF-8"/><property name="jnidispatch.path" value="/Users/dan/Library/Caches/JNA/temp/jna7873553954935746553.tmp"/><property name="jna.loaded" value="true"/><property name="java.io.tmpdir" value="/var/folders/bc/q5f48l0d057dbykk2w5zm1vw0000gn/T/"/><property name="java.version" value="17"/><property name="java.vm.specification.name" value="Java Virtual Machine Specification"/><property name="native.encoding" value="UTF-8"/><property name="java.library.path" value="/Users/dan/Library/Java/Extensions:/Library/Java/Extensions:/Network/Library/Java/Extensions:/System/Library/Java/Extensions:/usr/lib/java:."/><property name="java.vendor" value="Oracle Corporation"/><property name="scala.ext.dirs" value="/Users/dan/.sbt/1.0/java9-rt-ext-oracle_corporation_17"/><property name="sun.io.unicode.encoding" value="UnicodeBig"/><property name="java.class.path" value="/Users/dan/Library/Caches/Coursier/arc/https/github.com/sbt/sbt/releases/download/v1.6.2/sbt-1.6.2.zip/sbt/bin/sbt-launch.jar"/><property name="java.vm.vendor" value="Oracle Corporation"/><property name="jline.shutdownhook" value="false"/><property name="user.timezone" value="Europe/London"/><property name="java.vm.specification.version" value="17"/><property name="os.name" value="Mac OS X"/><property name="sun.java.launcher" value="SUN_STANDARD"/><property name="user.country" value="GB"/><property name="sun.cpu.endian" value="little"/><property name="user.home" value="/Users/dan"/><property name="user.language" value="en"/><property name="sbt.script" value="/Users/dan/Library/Caches/Coursier/arc/https/github.com/sbt/sbt/releases/download/v1.6.2/sbt-1.6.2.zip/sbt/bin/sbt"/><property name="swoval.tmpdir" value="/Users/dan/.sbt/1.0"/><property name="jline.esc.timeout" value="0"/><property name="path.separator" value=":"/><property name="os.version" value="12.4"/><property name="jna.nosys" value="true"/><property name="java.runtime.name" value="OpenJDK Runtime Environment"/><property name="java.vm.name" value="OpenJDK 64-Bit Server VM"/><property name="jna.platform.library.path" value="/usr/lib:/usr/lib"/><property name="java.vendor.url.bug" value="https://bugreport.java.com/bugreport/"/><property name="user.dir" value="/Users/dan/Desktop/Natural Progressions Test"/><property name="os.arch" value="x86_64"/><property name="java.vm.info" value="mixed mode, sharing"/><property name="java.vm.version" value="17+35-2724"/><property name="java.class.version" value="61.0"/>
    </properties>
          <testcase classname="notifications.NotificationsSuite" name="Scala &amp; Java tagged question returns Scala &amp; Java users" time="0.037">
                      
                    </testcase><testcase classname="notifications.NotificationsSuite" name="HTML &amp; CSS tagged question returns HTML &amp; CSS users" time="0.001">
                      
                    </testcase><testcase classname="notifications.NotificationsSuite" name="Java tagged question returns Java users" time="0.001">
                      
                    </testcase>
          <system-out><![CDATA[]]></system-out>
          <system-err><![CDATA[]]></system-err>
        </testsuite>